
******************************    Configurations for Train    ******************************

{'EKG': 'O',
 '_ssl_target_': 'models.ssl.byol.BYOL',
 '_target_': 'models.vit.vit_b_8',
 'activation': 'gelu',
 'age_mean': tensor([71.1771]),
 'age_std': tensor([9.6289]),
 'attention_dropout': 0.1,
 'awgn': 0.05,
 'awgn_age': 0.001,
 'base_lr': 0.05,
 'channel_dropout': 0.1,
 'class_label_to_name': ['Normal', 'MCI', 'Dementia'],
 'class_name_to_label': {'Dementia': 2, 'MCI': 1, 'Normal': 0},
 'clip_grad_norm': 1.0,
 'criterion': 'cross-entropy',
 'crop_multiple': 2,
 'crop_timing_analysis': False,
 'cwd': '/home/imkbsz/workspace/eeg_analysis',
 'dataset_name': 'CAUEEG dataset',
 'dataset_path': 'local/dataset/caueeg-dataset/',
 'ddp': True,
 'ddp_size': 4,
 'device': device(type='cuda', index=0),
 'draw_result': True,
 'dropout': 0.1,
 'embedding_layer': 2,
 'fc_stages': 2,
 'file_format': 'memmap',
 'in_channels': 40,
 'input_norm': 'datapoint',
 'latency': 2000,
 'load_event': False,
 'lr_scheduler_type': 'cosine_decay_with_warmup_half',
 'mgn': 0.05,
 'minibatch': 192,
 'minibatch_3090': 192,
 'mixed_precision': True,
 'mixup': 0.0,
 'mlp_hidden_size': 4096,
 'model': '2D-ViT-B-8',
 'multi_batch_size': 24,
 'num_history': 500,
 'num_params': 90738435,
 'out_dims': 3,
 'output_length': 82,
 'photic': 'X',
 'preprocess_test': Sequential(
  (0): EegToDevice(device=device(type='cuda', index=0))
  (1): EegNormalizeAge(mean=tensor([71.1771]), std=tensor([9.6289]), eps=1e-08, std_eps=tensor([9.6289]))
  (2): EegNormalizePerSignal(eps=1e-08)
  (3): EegSpectrogram(n_fft=219, complex_mode='as_real', stft_kwargs={'hop_length': 55})
  (4): EegNormalizePerSignal(eps=1e-08)
),
 'preprocess_train': Sequential(
  (0): EegToDevice(device=device(type='cuda', index=0))
  (1): EegNormalizeAge(mean=tensor([71.1771], device='cuda:0'), std=tensor([9.6289]), eps=1e-08, std_eps=tensor([9.6289], device='cuda:0'))
  (2): EegAddGaussianNoiseAge(mean=0.0, std=0.001)
  (3): EegNormalizePerSignal(eps=1e-08)
  (4): EegChannelDropOut(p=0.1)
  (5): EegMultiplicativeGaussianNoise(mean=0.0, std=0.05)
  (6): EegAdditiveGaussianNoise(mean=0.0, std=0.05)
  (7): EegSpectrogram(n_fft=219, complex_mode='as_real', stft_kwargs={'hop_length': 55})
  (8): EegNormalizePerSignal(eps=1e-08)
),
 'project': 'caueeg-ssl',
 'projection_size': 256,
 'run_mode': 'train',
 'save_model': True,
 'search_lr': False,
 'search_multiplier': 1.0,
 'seed': 0,
 'seq_len_2d': (110, 110),
 'seq_length': 6000,
 'signal_header': ['Fp1-AVG',
                   'F3-AVG',
                   'C3-AVG',
                   'P3-AVG',
                   'O1-AVG',
                   'Fp2-AVG',
                   'F4-AVG',
                   'C4-AVG',
                   'P4-AVG',
                   'O2-AVG',
                   'F7-AVG',
                   'T3-AVG',
                   'T5-AVG',
                   'F8-AVG',
                   'T4-AVG',
                   'T6-AVG',
                   'FZ-AVG',
                   'CZ-AVG',
                   'PZ-AVG',
                   'EKG',
                   'Photic'],
 'signal_length_limit': 10000000,
 'stft_params': {'hop_length': 55, 'n_fft': 219},
 'target_ema': 0.99,
 'task': 'dementia',
 'task_description': 'Classification of [Normal], [MCI], and [Dementia] symptoms.',
 'task_name': 'CAUEEG-Dementia benchmark',
 'test_crop_multiple': 8,
 'total_samples': 300000000.0,
 'transform': Compose(
    EegRandomCrop(crop_length=6000, length_limit=10000000, multiple=2, latency=2000, segment_simulation=False, return_timing=False, reject_events=False)
    EegDropChannels(drop_index=[20])
    EegToTensor()
),
 'transform_multicrop': Compose(
    EegRandomCrop(crop_length=6000, length_limit=10000000, multiple=8, latency=2000, segment_simulation=False, return_timing=False, reject_events=False)
    EegDropChannels(drop_index=[20])
    EegToTensor()
),
 'use_age': 'conv',
 'use_wandb': False,
 'warmup_min': 3000,
 'warmup_ratio': 0.05,
 'watch_model': False,
 'weight_decay': 0.01}

********************************************************************************************

Error executing job with overrides: ['ssl=byol', 'data=caueeg-dementia', 'train=ddp-amp-gradclip', '+train.project=caueeg-ssl', 'model=2D-ViT-B-8', '++data.seq_length=6000', '++data.input_norm=datapoint', '++data.awgn=0.05', '++data.mgn=0.05', '++data.channel_dropout=0.1', '++data.crop_multiple=2', '++train.lr_scheduler_type=cosine_decay_with_warmup_half', '++train.search_lr=False', '++train.base_lr=0.05', '++train.use_wandb=False']
Traceback (most recent call last):
  File "/home/imkbsz/workspace/eeg_analysis/run_ssl_train.py", line 97, in my_app
    mp.spawn(prepare_and_run_ssl_train,
  File "/home/imkbsz/anaconda3/envs/eeg/lib/python3.9/site-packages/torch/multiprocessing/spawn.py", line 240, in spawn
    return start_processes(fn, args, nprocs, join, daemon, start_method='spawn')
  File "/home/imkbsz/anaconda3/envs/eeg/lib/python3.9/site-packages/torch/multiprocessing/spawn.py", line 198, in start_processes
    while not context.join():
  File "/home/imkbsz/anaconda3/envs/eeg/lib/python3.9/site-packages/torch/multiprocessing/spawn.py", line 160, in join
    raise ProcessRaisedException(msg, error_index, failed_process.pid)
torch.multiprocessing.spawn.ProcessRaisedException: 

-- Process 0 terminated with the following error:
Traceback (most recent call last):
  File "/home/imkbsz/anaconda3/envs/eeg/lib/python3.9/site-packages/torch/multiprocessing/spawn.py", line 69, in _wrap
    fn(i, *args)
  File "/home/imkbsz/workspace/eeg_analysis/run_ssl_train.py", line 77, in prepare_and_run_ssl_train
    ssl_train_script(config, model, train_loader, config['preprocess_train'])
  File "/home/imkbsz/workspace/eeg_analysis/train/ssl_train_script.py", line 143, in ssl_train_script
    loss = ssl_train_multistep(model=model, loader=loader, preprocess=preprocess,
  File "/home/imkbsz/workspace/eeg_analysis/train/train_core.py", line 140, in ssl_train_multistep
    post_update_params = model.post_update_params
  File "/home/imkbsz/anaconda3/envs/eeg/lib/python3.9/site-packages/torch/nn/modules/module.py", line 1185, in __getattr__
    raise AttributeError("'{}' object has no attribute '{}'".format(
AttributeError: 'DistributedDataParallel' object has no attribute 'post_update_params'


Set the environment variable HYDRA_FULL_ERROR=1 for a complete stack trace.

******************************    Configurations for Train    ******************************

{'EKG': 'O',
 '_ssl_target_': 'models.ssl.byol.BYOL',
 '_target_': 'models.vit.vit_b_8',
 'activation': 'gelu',
 'age_mean': tensor([71.1771]),
 'age_std': tensor([9.6289]),
 'attention_dropout': 0.1,
 'awgn': 0.05,
 'awgn_age': 0.001,
 'base_lr': 0.05,
 'channel_dropout': 0.1,
 'class_label_to_name': ['Normal', 'MCI', 'Dementia'],
 'class_name_to_label': {'Dementia': 2, 'MCI': 1, 'Normal': 0},
 'clip_grad_norm': 1.0,
 'criterion': 'cross-entropy',
 'crop_multiple': 2,
 'crop_timing_analysis': False,
 'cwd': '/home/imkbsz/workspace/eeg_analysis',
 'dataset_name': 'CAUEEG dataset',
 'dataset_path': 'local/dataset/caueeg-dataset/',
 'ddp': True,
 'ddp_size': 4,
 'device': device(type='cuda', index=0),
 'draw_result': True,
 'dropout': 0.1,
 'embedding_layer': 2,
 'fc_stages': 2,
 'file_format': 'memmap',
 'in_channels': 40,
 'input_norm': 'datapoint',
 'latency': 2000,
 'load_event': False,
 'lr_scheduler_type': 'cosine_decay_with_warmup_half',
 'mgn': 0.05,
 'minibatch': 192,
 'minibatch_3090': 192,
 'mixed_precision': True,
 'mixup': 0.0,
 'mlp_hidden_size': 4096,
 'model': '2D-ViT-B-8',
 'multi_batch_size': 24,
 'num_history': 500,
 'num_params': 90738435,
 'out_dims': 3,
 'output_length': 82,
 'photic': 'X',
 'preprocess_test': Sequential(
  (0): EegToDevice(device=device(type='cuda', index=0))
  (1): EegNormalizeAge(mean=tensor([71.1771]), std=tensor([9.6289]), eps=1e-08, std_eps=tensor([9.6289]))
  (2): EegNormalizePerSignal(eps=1e-08)
  (3): EegSpectrogram(n_fft=219, complex_mode='as_real', stft_kwargs={'hop_length': 55})
  (4): EegNormalizePerSignal(eps=1e-08)
),
 'preprocess_train': Sequential(
  (0): EegToDevice(device=device(type='cuda', index=0))
  (1): EegNormalizeAge(mean=tensor([71.1771], device='cuda:0'), std=tensor([9.6289]), eps=1e-08, std_eps=tensor([9.6289], device='cuda:0'))
  (2): EegAddGaussianNoiseAge(mean=0.0, std=0.001)
  (3): EegNormalizePerSignal(eps=1e-08)
  (4): EegChannelDropOut(p=0.1)
  (5): EegMultiplicativeGaussianNoise(mean=0.0, std=0.05)
  (6): EegAdditiveGaussianNoise(mean=0.0, std=0.05)
  (7): EegSpectrogram(n_fft=219, complex_mode='as_real', stft_kwargs={'hop_length': 55})
  (8): EegNormalizePerSignal(eps=1e-08)
),
 'project': 'caueeg-ssl',
 'projection_size': 256,
 'run_mode': 'train',
 'save_model': True,
 'search_lr': False,
 'search_multiplier': 1.0,
 'seed': 0,
 'seq_len_2d': (110, 110),
 'seq_length': 6000,
 'signal_header': ['Fp1-AVG',
                   'F3-AVG',
                   'C3-AVG',
                   'P3-AVG',
                   'O1-AVG',
                   'Fp2-AVG',
                   'F4-AVG',
                   'C4-AVG',
                   'P4-AVG',
                   'O2-AVG',
                   'F7-AVG',
                   'T3-AVG',
                   'T5-AVG',
                   'F8-AVG',
                   'T4-AVG',
                   'T6-AVG',
                   'FZ-AVG',
                   'CZ-AVG',
                   'PZ-AVG',
                   'EKG',
                   'Photic'],
 'signal_length_limit': 10000000,
 'stft_params': {'hop_length': 55, 'n_fft': 219},
 'target_ema': 0.99,
 'task': 'dementia',
 'task_description': 'Classification of [Normal], [MCI], and [Dementia] symptoms.',
 'task_name': 'CAUEEG-Dementia benchmark',
 'test_crop_multiple': 8,
 'total_samples': 300000000.0,
 'transform': Compose(
    EegRandomCrop(crop_length=6000, length_limit=10000000, multiple=2, latency=2000, segment_simulation=False, return_timing=False, reject_events=False)
    EegDropChannels(drop_index=[20])
    EegToTensor()
),
 'transform_multicrop': Compose(
    EegRandomCrop(crop_length=6000, length_limit=10000000, multiple=8, latency=2000, segment_simulation=False, return_timing=False, reject_events=False)
    EegDropChannels(drop_index=[20])
    EegToTensor()
),
 'use_age': 'conv',
 'use_wandb': False,
 'warmup_min': 3000,
 'warmup_ratio': 0.05,
 'watch_model': False,
 'weight_decay': 0.01}

********************************************************************************************

Error executing job with overrides: ['ssl=byol', 'data=caueeg-dementia', 'train=ddp-amp-gradclip', '+train.project=caueeg-ssl', 'model=2D-ViT-B-8', '++data.seq_length=6000', '++data.input_norm=datapoint', '++data.awgn=0.05', '++data.mgn=0.05', '++data.channel_dropout=0.1', '++data.crop_multiple=2', '++train.lr_scheduler_type=cosine_decay_with_warmup_half', '++train.search_lr=False', '++train.base_lr=0.05', '++train.use_wandb=False']
Traceback (most recent call last):
  File "/home/imkbsz/workspace/eeg_analysis/run_ssl_train.py", line 97, in my_app
    mp.spawn(prepare_and_run_ssl_train,
  File "/home/imkbsz/anaconda3/envs/eeg/lib/python3.9/site-packages/torch/multiprocessing/spawn.py", line 240, in spawn
    return start_processes(fn, args, nprocs, join, daemon, start_method='spawn')
  File "/home/imkbsz/anaconda3/envs/eeg/lib/python3.9/site-packages/torch/multiprocessing/spawn.py", line 198, in start_processes
    while not context.join():
  File "/home/imkbsz/anaconda3/envs/eeg/lib/python3.9/site-packages/torch/multiprocessing/spawn.py", line 160, in join
    raise ProcessRaisedException(msg, error_index, failed_process.pid)
torch.multiprocessing.spawn.ProcessRaisedException: 

-- Process 3 terminated with the following error:
Traceback (most recent call last):
  File "/home/imkbsz/anaconda3/envs/eeg/lib/python3.9/site-packages/torch/multiprocessing/spawn.py", line 69, in _wrap
    fn(i, *args)
  File "/home/imkbsz/workspace/eeg_analysis/run_ssl_train.py", line 77, in prepare_and_run_ssl_train
    ssl_train_script(config, model, train_loader, config['preprocess_train'])
  File "/home/imkbsz/workspace/eeg_analysis/train/ssl_train_script.py", line 143, in ssl_train_script
    loss = ssl_train_multistep(model=model, loader=loader, preprocess=preprocess,
  File "/home/imkbsz/workspace/eeg_analysis/train/train_core.py", line 162, in ssl_train_multistep
    amp_scaler.step(optimizer)
  File "/home/imkbsz/anaconda3/envs/eeg/lib/python3.9/site-packages/torch/nn/modules/module.py", line 1110, in _call_impl
    return forward_call(*input, **kwargs)
  File "/home/imkbsz/anaconda3/envs/eeg/lib/python3.9/site-packages/torch/nn/parallel/distributed.py", line 947, in forward
    if torch.is_grad_enabled() and self.reducer._rebuild_buckets():
RuntimeError: Expected to have finished reduction in the prior iteration before starting a new one. This error indicates that your module has parameters that were not used in producing loss. You can enable unused parameter detection by passing the keyword argument `find_unused_parameters=True` to `torch.nn.parallel.DistributedDataParallel`, and by 
making sure all `forward` function outputs participate in calculating loss. 
If you already have done the above, then the distributed data parallel module wasn't able to locate the output tensors in the return value of your module's `forward` function. Please include the loss function and the structure of the return value of `forward` of your module when reporting this issue (e.g. list, dict, iterable).
Parameter indices which did not receive grad for rank 3: 150 151 152 153
 In addition, you can set the environment variable TORCH_DISTRIBUTED_DEBUG to either INFO or DETAIL to print out information about which particular parameters did not receive gradient on this rank as part of this error


Set the environment variable HYDRA_FULL_ERROR=1 for a complete stack trace.
Error executing job with overrides: ['ssl=byol', 'data=caueeg-dementia', 'train=ddp-amp-gradclip', '+train.project=caueeg-ssl', 'model=2D-ViT-B-8', '++data.seq_length=6000', '++data.input_norm=datapoint', '++data.awgn=0.05', '++data.mgn=0.05', '++data.channel_dropout=0.1', '++data.crop_multiple=2', '++train.lr_scheduler_type=cosine_decay_with_warmup_half', '++train.search_lr=False', '++train.base_lr=0.05', '++train.use_wandb=False']
Traceback (most recent call last):
  File "/home/imkbsz/workspace/eeg_analysis/run_ssl_train.py", line 97, in my_app
    mp.spawn(prepare_and_run_ssl_train,
  File "/home/imkbsz/anaconda3/envs/eeg/lib/python3.9/site-packages/torch/multiprocessing/spawn.py", line 240, in spawn
    return start_processes(fn, args, nprocs, join, daemon, start_method='spawn')
  File "/home/imkbsz/anaconda3/envs/eeg/lib/python3.9/site-packages/torch/multiprocessing/spawn.py", line 198, in start_processes
    while not context.join():
  File "/home/imkbsz/anaconda3/envs/eeg/lib/python3.9/site-packages/torch/multiprocessing/spawn.py", line 140, in join
    raise ProcessExitedException(
torch.multiprocessing.spawn.ProcessExitedException: process 0 terminated with signal SIGKILL

Set the environment variable HYDRA_FULL_ERROR=1 for a complete stack trace.
